{"/Users/nathan/Documents/Projet/Alix/alix-api/src/class/Article.ts": {"path":"/Users/nathan/Documents/Projet/Alix/alix-api/src/class/Article.ts","statementMap":{"0":{"start":{"line":1,"column":0},"end":{"line":1,"column":76}},"1":{"start":{"line":2,"column":0},"end":{"line":2,"column":36}},"2":{"start":{"line":5,"column":7},"end":{"line":50,"column":null}},"3":{"start":{"line":5,"column":13},"end":{"line":5,"column":20}},"4":{"start":{"line":7,"column":2},"end":{"line":7,"column":null}},"5":{"start":{"line":10,"column":2},"end":{"line":10,"column":null}},"6":{"start":{"line":9,"column":19},"end":{"line":9,"column":26}},"7":{"start":{"line":9,"column":39},"end":{"line":9,"column":55}},"8":{"start":{"line":13,"column":2},"end":{"line":13,"column":null}},"9":{"start":{"line":16,"column":2},"end":{"line":16,"column":null}},"10":{"start":{"line":19,"column":2},"end":{"line":19,"column":null}},"11":{"start":{"line":22,"column":2},"end":{"line":22,"column":null}},"12":{"start":{"line":25,"column":2},"end":{"line":25,"column":null}},"13":{"start":{"line":28,"column":2},"end":{"line":28,"column":null}},"14":{"start":{"line":31,"column":2},"end":{"line":31,"column":null}},"15":{"start":{"line":34,"column":2},"end":{"line":34,"column":null}},"16":{"start":{"line":37,"column":2},"end":{"line":37,"column":null}},"17":{"start":{"line":40,"column":2},"end":{"line":40,"column":null}},"18":{"start":{"line":43,"column":2},"end":{"line":43,"column":null}},"19":{"start":{"line":46,"column":2},"end":{"line":46,"column":null}},"20":{"start":{"line":49,"column":2},"end":{"line":49,"column":null}},"21":{"start":{"line":5,"column":13},"end":{"line":50,"column":null}}},"fnMap":{"0":{"name":"(anonymous_2)","decl":{"start":{"line":9,"column":13},"end":{"line":9,"column":16}},"loc":{"start":{"line":9,"column":19},"end":{"line":9,"column":26}}},"1":{"name":"(anonymous_3)","decl":{"start":{"line":9,"column":28},"end":{"line":9,"column":35}},"loc":{"start":{"line":9,"column":39},"end":{"line":9,"column":55}}}},"branchMap":{"0":{"loc":{"start":{"line":10,"column":12},"end":{"line":10,"column":20}},"type":"cond-expr","locations":[{"start":{"line":10,"column":19},"end":{"line":10,"column":20}},{"start":{"line":10,"column":19},"end":{"line":10,"column":20}}]},"1":{"loc":{"start":{"line":10,"column":12},"end":{"line":10,"column":19}},"type":"binary-expr","locations":[{"start":{"line":10,"column":12},"end":{"line":10,"column":20}},{"start":{"line":10,"column":12},"end":{"line":10,"column":19}}]},"2":{"loc":{"start":{"line":49,"column":17},"end":{"line":49,"column":22}},"type":"cond-expr","locations":[{"start":{"line":49,"column":21},"end":{"line":49,"column":22}},{"start":{"line":49,"column":21},"end":{"line":49,"column":22}}]},"3":{"loc":{"start":{"line":49,"column":17},"end":{"line":49,"column":21}},"type":"binary-expr","locations":[{"start":{"line":49,"column":17},"end":{"line":49,"column":22}},{"start":{"line":49,"column":17},"end":{"line":49,"column":21}}]}},"s":{"0":6,"1":6,"2":6,"3":6,"4":6,"5":6,"6":0,"7":0,"8":6,"9":6,"10":6,"11":6,"12":6,"13":6,"14":6,"15":6,"16":6,"17":6,"18":6,"19":6,"20":6,"21":6},"f":{"0":0,"1":0},"b":{"0":[1,5],"1":[6,1],"2":[6,0],"3":[6,6]}}
,"/Users/nathan/Documents/Projet/Alix/alix-api/src/class/Commune.ts": {"path":"/Users/nathan/Documents/Projet/Alix/alix-api/src/class/Commune.ts","statementMap":{"0":{"start":{"line":1,"column":0},"end":{"line":1,"column":85}},"1":{"start":{"line":2,"column":0},"end":{"line":2,"column":30}},"2":{"start":{"line":3,"column":0},"end":{"line":3,"column":36}},"3":{"start":{"line":4,"column":0},"end":{"line":4,"column":32}},"4":{"start":{"line":5,"column":0},"end":{"line":5,"column":38}},"5":{"start":{"line":8,"column":7},"end":{"line":41,"column":null}},"6":{"start":{"line":8,"column":13},"end":{"line":8,"column":20}},"7":{"start":{"line":10,"column":2},"end":{"line":10,"column":null}},"8":{"start":{"line":13,"column":2},"end":{"line":13,"column":null}},"9":{"start":{"line":16,"column":2},"end":{"line":16,"column":null}},"10":{"start":{"line":19,"column":2},"end":{"line":19,"column":null}},"11":{"start":{"line":22,"column":2},"end":{"line":22,"column":null}},"12":{"start":{"line":25,"column":2},"end":{"line":25,"column":null}},"13":{"start":{"line":28,"column":2},"end":{"line":28,"column":null}},"14":{"start":{"line":31,"column":2},"end":{"line":31,"column":null}},"15":{"start":{"line":30,"column":19},"end":{"line":30,"column":23}},"16":{"start":{"line":30,"column":33},"end":{"line":30,"column":45}},"17":{"start":{"line":34,"column":2},"end":{"line":34,"column":null}},"18":{"start":{"line":33,"column":19},"end":{"line":33,"column":26}},"19":{"start":{"line":33,"column":39},"end":{"line":33,"column":54}},"20":{"start":{"line":37,"column":2},"end":{"line":37,"column":null}},"21":{"start":{"line":36,"column":19},"end":{"line":36,"column":24}},"22":{"start":{"line":36,"column":35},"end":{"line":36,"column":48}},"23":{"start":{"line":40,"column":2},"end":{"line":40,"column":null}},"24":{"start":{"line":39,"column":19},"end":{"line":39,"column":27}},"25":{"start":{"line":39,"column":41},"end":{"line":39,"column":57}},"26":{"start":{"line":8,"column":13},"end":{"line":41,"column":null}}},"fnMap":{"0":{"name":"(anonymous_2)","decl":{"start":{"line":30,"column":13},"end":{"line":30,"column":16}},"loc":{"start":{"line":30,"column":19},"end":{"line":30,"column":23}}},"1":{"name":"(anonymous_3)","decl":{"start":{"line":30,"column":25},"end":{"line":30,"column":29}},"loc":{"start":{"line":30,"column":33},"end":{"line":30,"column":45}}},"2":{"name":"(anonymous_4)","decl":{"start":{"line":33,"column":13},"end":{"line":33,"column":16}},"loc":{"start":{"line":33,"column":19},"end":{"line":33,"column":26}}},"3":{"name":"(anonymous_5)","decl":{"start":{"line":33,"column":28},"end":{"line":33,"column":35}},"loc":{"start":{"line":33,"column":39},"end":{"line":33,"column":54}}},"4":{"name":"(anonymous_6)","decl":{"start":{"line":36,"column":13},"end":{"line":36,"column":16}},"loc":{"start":{"line":36,"column":19},"end":{"line":36,"column":24}}},"5":{"name":"(anonymous_7)","decl":{"start":{"line":36,"column":26},"end":{"line":36,"column":31}},"loc":{"start":{"line":36,"column":35},"end":{"line":36,"column":48}}},"6":{"name":"(anonymous_8)","decl":{"start":{"line":39,"column":13},"end":{"line":39,"column":16}},"loc":{"start":{"line":39,"column":19},"end":{"line":39,"column":27}}},"7":{"name":"(anonymous_9)","decl":{"start":{"line":39,"column":29},"end":{"line":39,"column":37}},"loc":{"start":{"line":39,"column":41},"end":{"line":39,"column":57}}}},"branchMap":{"0":{"loc":{"start":{"line":28,"column":15},"end":{"line":28,"column":20}},"type":"cond-expr","locations":[{"start":{"line":28,"column":19},"end":{"line":28,"column":20}},{"start":{"line":28,"column":19},"end":{"line":28,"column":20}}]},"1":{"loc":{"start":{"line":28,"column":15},"end":{"line":28,"column":19}},"type":"binary-expr","locations":[{"start":{"line":28,"column":15},"end":{"line":28,"column":20}},{"start":{"line":28,"column":15},"end":{"line":28,"column":19}}]}},"s":{"0":6,"1":6,"2":6,"3":6,"4":6,"5":6,"6":6,"7":6,"8":6,"9":6,"10":6,"11":6,"12":6,"13":6,"14":6,"15":0,"16":0,"17":6,"18":0,"19":0,"20":6,"21":0,"22":0,"23":6,"24":0,"25":0,"26":6},"f":{"0":0,"1":0,"2":0,"3":0,"4":0,"5":0,"6":0,"7":0},"b":{"0":[6,0],"1":[6,6]}}
,"/Users/nathan/Documents/Projet/Alix/alix-api/src/class/Event.ts": {"path":"/Users/nathan/Documents/Projet/Alix/alix-api/src/class/Event.ts","statementMap":{"0":{"start":{"line":1,"column":0},"end":{"line":1,"column":87}},"1":{"start":{"line":2,"column":0},"end":{"line":2,"column":36}},"2":{"start":{"line":3,"column":0},"end":{"line":3,"column":46}},"3":{"start":{"line":6,"column":7},"end":{"line":52,"column":null}},"4":{"start":{"line":6,"column":13},"end":{"line":6,"column":18}},"5":{"start":{"line":8,"column":2},"end":{"line":8,"column":null}},"6":{"start":{"line":11,"column":2},"end":{"line":11,"column":null}},"7":{"start":{"line":10,"column":19},"end":{"line":10,"column":26}},"8":{"start":{"line":10,"column":39},"end":{"line":10,"column":53}},"9":{"start":{"line":14,"column":2},"end":{"line":14,"column":null}},"10":{"start":{"line":17,"column":2},"end":{"line":17,"column":null}},"11":{"start":{"line":20,"column":2},"end":{"line":20,"column":null}},"12":{"start":{"line":23,"column":2},"end":{"line":23,"column":null}},"13":{"start":{"line":26,"column":2},"end":{"line":26,"column":null}},"14":{"start":{"line":29,"column":2},"end":{"line":29,"column":null}},"15":{"start":{"line":32,"column":2},"end":{"line":32,"column":null}},"16":{"start":{"line":35,"column":2},"end":{"line":35,"column":null}},"17":{"start":{"line":38,"column":2},"end":{"line":38,"column":null}},"18":{"start":{"line":41,"column":2},"end":{"line":41,"column":null}},"19":{"start":{"line":44,"column":2},"end":{"line":44,"column":null}},"20":{"start":{"line":47,"column":2},"end":{"line":47,"column":null}},"21":{"start":{"line":50,"column":2},"end":{"line":50,"column":null}},"22":{"start":{"line":49,"column":19},"end":{"line":49,"column":31}},"23":{"start":{"line":49,"column":49},"end":{"line":49,"column":67}},"24":{"start":{"line":6,"column":13},"end":{"line":52,"column":null}}},"fnMap":{"0":{"name":"(anonymous_2)","decl":{"start":{"line":10,"column":13},"end":{"line":10,"column":16}},"loc":{"start":{"line":10,"column":19},"end":{"line":10,"column":26}}},"1":{"name":"(anonymous_3)","decl":{"start":{"line":10,"column":28},"end":{"line":10,"column":35}},"loc":{"start":{"line":10,"column":39},"end":{"line":10,"column":53}}},"2":{"name":"(anonymous_4)","decl":{"start":{"line":49,"column":13},"end":{"line":49,"column":16}},"loc":{"start":{"line":49,"column":19},"end":{"line":49,"column":31}}},"3":{"name":"(anonymous_5)","decl":{"start":{"line":49,"column":33},"end":{"line":49,"column":45}},"loc":{"start":{"line":49,"column":49},"end":{"line":49,"column":67}}}},"branchMap":{"0":{"loc":{"start":{"line":11,"column":12},"end":{"line":11,"column":20}},"type":"cond-expr","locations":[{"start":{"line":11,"column":19},"end":{"line":11,"column":20}},{"start":{"line":11,"column":19},"end":{"line":11,"column":20}}]},"1":{"loc":{"start":{"line":11,"column":12},"end":{"line":11,"column":19}},"type":"binary-expr","locations":[{"start":{"line":11,"column":12},"end":{"line":11,"column":20}},{"start":{"line":11,"column":12},"end":{"line":11,"column":19}}]},"2":{"loc":{"start":{"line":41,"column":15},"end":{"line":41,"column":20}},"type":"cond-expr","locations":[{"start":{"line":41,"column":19},"end":{"line":41,"column":20}},{"start":{"line":41,"column":19},"end":{"line":41,"column":20}}]},"3":{"loc":{"start":{"line":41,"column":15},"end":{"line":41,"column":19}},"type":"binary-expr","locations":[{"start":{"line":41,"column":15},"end":{"line":41,"column":20}},{"start":{"line":41,"column":15},"end":{"line":41,"column":19}}]},"4":{"loc":{"start":{"line":44,"column":13},"end":{"line":44,"column":18}},"type":"cond-expr","locations":[{"start":{"line":44,"column":17},"end":{"line":44,"column":18}},{"start":{"line":44,"column":17},"end":{"line":44,"column":18}}]},"5":{"loc":{"start":{"line":44,"column":13},"end":{"line":44,"column":17}},"type":"binary-expr","locations":[{"start":{"line":44,"column":13},"end":{"line":44,"column":18}},{"start":{"line":44,"column":13},"end":{"line":44,"column":17}}]},"6":{"loc":{"start":{"line":47,"column":17},"end":{"line":47,"column":22}},"type":"cond-expr","locations":[{"start":{"line":47,"column":21},"end":{"line":47,"column":22}},{"start":{"line":47,"column":21},"end":{"line":47,"column":22}}]},"7":{"loc":{"start":{"line":47,"column":17},"end":{"line":47,"column":21}},"type":"binary-expr","locations":[{"start":{"line":47,"column":17},"end":{"line":47,"column":22}},{"start":{"line":47,"column":17},"end":{"line":47,"column":21}}]}},"s":{"0":6,"1":6,"2":6,"3":6,"4":6,"5":6,"6":6,"7":0,"8":0,"9":6,"10":6,"11":6,"12":6,"13":6,"14":6,"15":6,"16":6,"17":6,"18":6,"19":6,"20":6,"21":6,"22":0,"23":0,"24":6},"f":{"0":0,"1":0,"2":0,"3":0},"b":{"0":[1,5],"1":[6,1],"2":[6,0],"3":[6,6],"4":[6,0],"5":[6,6],"6":[6,0],"7":[6,6]}}
,"/Users/nathan/Documents/Projet/Alix/alix-api/src/class/Registration.ts": {"path":"/Users/nathan/Documents/Projet/Alix/alix-api/src/class/Registration.ts","statementMap":{"0":{"start":{"line":1,"column":0},"end":{"line":1,"column":88}},"1":{"start":{"line":2,"column":0},"end":{"line":2,"column":30}},"2":{"start":{"line":3,"column":0},"end":{"line":3,"column":32}},"3":{"start":{"line":4,"column":0},"end":{"line":4,"column":38}},"4":{"start":{"line":7,"column":7},"end":{"line":25,"column":null}},"5":{"start":{"line":7,"column":13},"end":{"line":7,"column":25}},"6":{"start":{"line":9,"column":2},"end":{"line":9,"column":null}},"7":{"start":{"line":13,"column":2},"end":{"line":13,"column":null}},"8":{"start":{"line":11,"column":19},"end":{"line":11,"column":23}},"9":{"start":{"line":11,"column":33},"end":{"line":11,"column":51}},"10":{"start":{"line":17,"column":2},"end":{"line":17,"column":null}},"11":{"start":{"line":15,"column":19},"end":{"line":15,"column":24}},"12":{"start":{"line":21,"column":2},"end":{"line":21,"column":null}},"13":{"start":{"line":19,"column":19},"end":{"line":19,"column":27}},"14":{"start":{"line":24,"column":2},"end":{"line":24,"column":null}},"15":{"start":{"line":7,"column":13},"end":{"line":25,"column":null}}},"fnMap":{"0":{"name":"(anonymous_2)","decl":{"start":{"line":11,"column":13},"end":{"line":11,"column":16}},"loc":{"start":{"line":11,"column":19},"end":{"line":11,"column":23}}},"1":{"name":"(anonymous_3)","decl":{"start":{"line":11,"column":25},"end":{"line":11,"column":29}},"loc":{"start":{"line":11,"column":33},"end":{"line":11,"column":51}}},"2":{"name":"(anonymous_4)","decl":{"start":{"line":15,"column":13},"end":{"line":15,"column":16}},"loc":{"start":{"line":15,"column":19},"end":{"line":15,"column":24}}},"3":{"name":"(anonymous_5)","decl":{"start":{"line":19,"column":13},"end":{"line":19,"column":16}},"loc":{"start":{"line":19,"column":19},"end":{"line":19,"column":27}}}},"branchMap":{"0":{"loc":{"start":{"line":13,"column":9},"end":{"line":13,"column":14}},"type":"cond-expr","locations":[{"start":{"line":13,"column":13},"end":{"line":13,"column":14}},{"start":{"line":13,"column":13},"end":{"line":13,"column":14}}]},"1":{"loc":{"start":{"line":13,"column":9},"end":{"line":13,"column":13}},"type":"binary-expr","locations":[{"start":{"line":13,"column":9},"end":{"line":13,"column":14}},{"start":{"line":13,"column":9},"end":{"line":13,"column":13}}]},"2":{"loc":{"start":{"line":17,"column":10},"end":{"line":17,"column":16}},"type":"cond-expr","locations":[{"start":{"line":17,"column":15},"end":{"line":17,"column":16}},{"start":{"line":17,"column":15},"end":{"line":17,"column":16}}]},"3":{"loc":{"start":{"line":17,"column":10},"end":{"line":17,"column":15}},"type":"binary-expr","locations":[{"start":{"line":17,"column":10},"end":{"line":17,"column":16}},{"start":{"line":17,"column":10},"end":{"line":17,"column":15}}]},"4":{"loc":{"start":{"line":21,"column":13},"end":{"line":21,"column":22}},"type":"cond-expr","locations":[{"start":{"line":21,"column":21},"end":{"line":21,"column":22}},{"start":{"line":21,"column":21},"end":{"line":21,"column":22}}]},"5":{"loc":{"start":{"line":21,"column":13},"end":{"line":21,"column":21}},"type":"binary-expr","locations":[{"start":{"line":21,"column":13},"end":{"line":21,"column":22}},{"start":{"line":21,"column":13},"end":{"line":21,"column":21}}]},"6":{"loc":{"start":{"line":24,"column":18},"end":{"line":24,"column":23}},"type":"cond-expr","locations":[{"start":{"line":24,"column":22},"end":{"line":24,"column":23}},{"start":{"line":24,"column":22},"end":{"line":24,"column":23}}]},"7":{"loc":{"start":{"line":24,"column":18},"end":{"line":24,"column":22}},"type":"binary-expr","locations":[{"start":{"line":24,"column":18},"end":{"line":24,"column":23}},{"start":{"line":24,"column":18},"end":{"line":24,"column":22}}]}},"s":{"0":6,"1":6,"2":6,"3":6,"4":6,"5":6,"6":6,"7":6,"8":0,"9":0,"10":6,"11":0,"12":6,"13":0,"14":6,"15":6},"f":{"0":0,"1":0,"2":0,"3":0},"b":{"0":[1,5],"1":[6,1],"2":[4,2],"3":[6,4],"4":[5,1],"5":[6,5],"6":[6,0],"7":[6,6]}}
,"/Users/nathan/Documents/Projet/Alix/alix-api/src/class/User.ts": {"path":"/Users/nathan/Documents/Projet/Alix/alix-api/src/class/User.ts","statementMap":{"0":{"start":{"line":1,"column":0},"end":{"line":1,"column":null}},"1":{"start":{"line":11,"column":0},"end":{"line":11,"column":36}},"2":{"start":{"line":12,"column":0},"end":{"line":12,"column":46}},"3":{"start":{"line":15,"column":7},"end":{"line":52,"column":null}},"4":{"start":{"line":50,"column":4},"end":{"line":50,"column":50}},"5":{"start":{"line":15,"column":13},"end":{"line":15,"column":17}},"6":{"start":{"line":17,"column":2},"end":{"line":17,"column":null}},"7":{"start":{"line":20,"column":2},"end":{"line":20,"column":null}},"8":{"start":{"line":23,"column":2},"end":{"line":23,"column":null}},"9":{"start":{"line":27,"column":2},"end":{"line":27,"column":null}},"10":{"start":{"line":25,"column":19},"end":{"line":25,"column":26}},"11":{"start":{"line":25,"column":39},"end":{"line":25,"column":52}},"12":{"start":{"line":31,"column":2},"end":{"line":31,"column":null}},"13":{"start":{"line":34,"column":2},"end":{"line":34,"column":null}},"14":{"start":{"line":37,"column":2},"end":{"line":37,"column":null}},"15":{"start":{"line":40,"column":2},"end":{"line":40,"column":null}},"16":{"start":{"line":43,"column":2},"end":{"line":43,"column":null}},"17":{"start":{"line":46,"column":2},"end":{"line":46,"column":null}},"18":{"start":{"line":45,"column":19},"end":{"line":45,"column":31}},"19":{"start":{"line":45,"column":49},"end":{"line":45,"column":66}},"20":{"start":{"line":15,"column":13},"end":{"line":52,"column":null}}},"fnMap":{"0":{"name":"(anonymous_2)","decl":{"start":{"line":49,"column":2},"end":{"line":49,"column":6}},"loc":{"start":{"line":49,"column":14},"end":{"line":51,"column":3}}},"1":{"name":"(anonymous_3)","decl":{"start":{"line":25,"column":13},"end":{"line":25,"column":16}},"loc":{"start":{"line":25,"column":19},"end":{"line":25,"column":26}}},"2":{"name":"(anonymous_4)","decl":{"start":{"line":25,"column":28},"end":{"line":25,"column":35}},"loc":{"start":{"line":25,"column":39},"end":{"line":25,"column":52}}},"3":{"name":"(anonymous_5)","decl":{"start":{"line":45,"column":13},"end":{"line":45,"column":16}},"loc":{"start":{"line":45,"column":19},"end":{"line":45,"column":31}}},"4":{"name":"(anonymous_6)","decl":{"start":{"line":45,"column":33},"end":{"line":45,"column":45}},"loc":{"start":{"line":45,"column":49},"end":{"line":45,"column":66}}}},"branchMap":{"0":{"loc":{"start":{"line":27,"column":12},"end":{"line":27,"column":20}},"type":"cond-expr","locations":[{"start":{"line":27,"column":19},"end":{"line":27,"column":20}},{"start":{"line":27,"column":19},"end":{"line":27,"column":20}}]},"1":{"loc":{"start":{"line":27,"column":12},"end":{"line":27,"column":19}},"type":"binary-expr","locations":[{"start":{"line":27,"column":12},"end":{"line":27,"column":20}},{"start":{"line":27,"column":12},"end":{"line":27,"column":19}}]},"2":{"loc":{"start":{"line":43,"column":15},"end":{"line":43,"column":20}},"type":"cond-expr","locations":[{"start":{"line":43,"column":19},"end":{"line":43,"column":20}},{"start":{"line":43,"column":19},"end":{"line":43,"column":20}}]},"3":{"loc":{"start":{"line":43,"column":15},"end":{"line":43,"column":19}},"type":"binary-expr","locations":[{"start":{"line":43,"column":15},"end":{"line":43,"column":20}},{"start":{"line":43,"column":15},"end":{"line":43,"column":19}}]}},"s":{"0":6,"1":6,"2":6,"3":6,"4":0,"5":6,"6":6,"7":6,"8":6,"9":6,"10":0,"11":0,"12":6,"13":6,"14":6,"15":6,"16":6,"17":6,"18":0,"19":0,"20":6},"f":{"0":0,"1":0,"2":0,"3":0,"4":0},"b":{"0":[2,4],"1":[6,2],"2":[6,0],"3":[6,6]}}
,"/Users/nathan/Documents/Projet/Alix/alix-api/src/class/Workshop.ts": {"path":"/Users/nathan/Documents/Projet/Alix/alix-api/src/class/Workshop.ts","statementMap":{"0":{"start":{"line":1,"column":0},"end":{"line":1,"column":99}},"1":{"start":{"line":2,"column":0},"end":{"line":2,"column":36}},"2":{"start":{"line":3,"column":0},"end":{"line":3,"column":46}},"3":{"start":{"line":6,"column":7},"end":{"line":53,"column":null}},"4":{"start":{"line":6,"column":13},"end":{"line":6,"column":21}},"5":{"start":{"line":8,"column":2},"end":{"line":8,"column":null}},"6":{"start":{"line":12,"column":2},"end":{"line":12,"column":null}},"7":{"start":{"line":10,"column":19},"end":{"line":10,"column":26}},"8":{"start":{"line":10,"column":39},"end":{"line":10,"column":56}},"9":{"start":{"line":15,"column":2},"end":{"line":15,"column":null}},"10":{"start":{"line":18,"column":2},"end":{"line":18,"column":null}},"11":{"start":{"line":21,"column":2},"end":{"line":21,"column":null}},"12":{"start":{"line":24,"column":2},"end":{"line":24,"column":null}},"13":{"start":{"line":27,"column":2},"end":{"line":27,"column":null}},"14":{"start":{"line":30,"column":2},"end":{"line":30,"column":null}},"15":{"start":{"line":33,"column":2},"end":{"line":33,"column":null}},"16":{"start":{"line":36,"column":2},"end":{"line":36,"column":null}},"17":{"start":{"line":39,"column":2},"end":{"line":39,"column":null}},"18":{"start":{"line":42,"column":2},"end":{"line":42,"column":null}},"19":{"start":{"line":45,"column":2},"end":{"line":45,"column":null}},"20":{"start":{"line":48,"column":2},"end":{"line":48,"column":null}},"21":{"start":{"line":51,"column":2},"end":{"line":51,"column":null}},"22":{"start":{"line":50,"column":19},"end":{"line":50,"column":31}},"23":{"start":{"line":50,"column":49},"end":{"line":50,"column":70}},"24":{"start":{"line":6,"column":13},"end":{"line":53,"column":null}}},"fnMap":{"0":{"name":"(anonymous_2)","decl":{"start":{"line":10,"column":13},"end":{"line":10,"column":16}},"loc":{"start":{"line":10,"column":19},"end":{"line":10,"column":26}}},"1":{"name":"(anonymous_3)","decl":{"start":{"line":10,"column":28},"end":{"line":10,"column":35}},"loc":{"start":{"line":10,"column":39},"end":{"line":10,"column":56}}},"2":{"name":"(anonymous_4)","decl":{"start":{"line":50,"column":13},"end":{"line":50,"column":16}},"loc":{"start":{"line":50,"column":19},"end":{"line":50,"column":31}}},"3":{"name":"(anonymous_5)","decl":{"start":{"line":50,"column":33},"end":{"line":50,"column":45}},"loc":{"start":{"line":50,"column":49},"end":{"line":50,"column":70}}}},"branchMap":{"0":{"loc":{"start":{"line":12,"column":12},"end":{"line":12,"column":20}},"type":"cond-expr","locations":[{"start":{"line":12,"column":19},"end":{"line":12,"column":20}},{"start":{"line":12,"column":19},"end":{"line":12,"column":20}}]},"1":{"loc":{"start":{"line":12,"column":12},"end":{"line":12,"column":19}},"type":"binary-expr","locations":[{"start":{"line":12,"column":12},"end":{"line":12,"column":20}},{"start":{"line":12,"column":12},"end":{"line":12,"column":19}}]},"2":{"loc":{"start":{"line":42,"column":15},"end":{"line":42,"column":20}},"type":"cond-expr","locations":[{"start":{"line":42,"column":19},"end":{"line":42,"column":20}},{"start":{"line":42,"column":19},"end":{"line":42,"column":20}}]},"3":{"loc":{"start":{"line":42,"column":15},"end":{"line":42,"column":19}},"type":"binary-expr","locations":[{"start":{"line":42,"column":15},"end":{"line":42,"column":20}},{"start":{"line":42,"column":15},"end":{"line":42,"column":19}}]},"4":{"loc":{"start":{"line":45,"column":13},"end":{"line":45,"column":18}},"type":"cond-expr","locations":[{"start":{"line":45,"column":17},"end":{"line":45,"column":18}},{"start":{"line":45,"column":17},"end":{"line":45,"column":18}}]},"5":{"loc":{"start":{"line":45,"column":13},"end":{"line":45,"column":17}},"type":"binary-expr","locations":[{"start":{"line":45,"column":13},"end":{"line":45,"column":18}},{"start":{"line":45,"column":13},"end":{"line":45,"column":17}}]},"6":{"loc":{"start":{"line":48,"column":17},"end":{"line":48,"column":22}},"type":"cond-expr","locations":[{"start":{"line":48,"column":21},"end":{"line":48,"column":22}},{"start":{"line":48,"column":21},"end":{"line":48,"column":22}}]},"7":{"loc":{"start":{"line":48,"column":17},"end":{"line":48,"column":21}},"type":"binary-expr","locations":[{"start":{"line":48,"column":17},"end":{"line":48,"column":22}},{"start":{"line":48,"column":17},"end":{"line":48,"column":21}}]}},"s":{"0":6,"1":6,"2":6,"3":6,"4":6,"5":6,"6":6,"7":0,"8":0,"9":6,"10":6,"11":6,"12":6,"13":6,"14":6,"15":6,"16":6,"17":6,"18":6,"19":6,"20":6,"21":6,"22":0,"23":0,"24":6},"f":{"0":0,"1":0,"2":0,"3":0},"b":{"0":[1,5],"1":[6,1],"2":[6,0],"3":[6,6],"4":[6,0],"5":[6,6],"6":[6,0],"7":[6,6]}}
,"/Users/nathan/Documents/Projet/Alix/alix-api/src/routes/articles.routes.ts": {"path":"/Users/nathan/Documents/Projet/Alix/alix-api/src/routes/articles.routes.ts","statementMap":{"0":{"start":{"line":1,"column":0},"end":{"line":1,"column":52}},"1":{"start":{"line":2,"column":0},"end":{"line":2,"column":54}},"2":{"start":{"line":3,"column":0},"end":{"line":3,"column":43}},"3":{"start":{"line":5,"column":15},"end":{"line":5,"column":23}},"4":{"start":{"line":6,"column":26},"end":{"line":6,"column":62}},"5":{"start":{"line":31,"column":0},"end":{"line":45,"column":3}},"6":{"start":{"line":32,"column":4},"end":{"line":44,"column":5}},"7":{"start":{"line":34,"column":30},"end":{"line":34,"column":40}},"8":{"start":{"line":36,"column":28},"end":{"line":38,"column":16}},"9":{"start":{"line":40,"column":25},"end":{"line":40,"column":101}},"10":{"start":{"line":41,"column":8},"end":{"line":41,"column":27}},"11":{"start":{"line":43,"column":8},"end":{"line":43,"column":89}},"12":{"start":{"line":70,"column":0},"end":{"line":84,"column":3}},"13":{"start":{"line":71,"column":4},"end":{"line":83,"column":5}},"14":{"start":{"line":72,"column":24},"end":{"line":75,"column":10}},"15":{"start":{"line":76,"column":8},"end":{"line":79,"column":9}},"16":{"start":{"line":77,"column":12},"end":{"line":77,"column":68}},"17":{"start":{"line":78,"column":12},"end":{"line":78,"column":19}},"18":{"start":{"line":80,"column":8},"end":{"line":80,"column":26}},"19":{"start":{"line":82,"column":8},"end":{"line":82,"column":89}},"20":{"start":{"line":109,"column":0},"end":{"line":117,"column":3}},"21":{"start":{"line":110,"column":4},"end":{"line":116,"column":5}},"22":{"start":{"line":111,"column":27},"end":{"line":111,"column":61}},"23":{"start":{"line":112,"column":23},"end":{"line":112,"column":63}},"24":{"start":{"line":113,"column":8},"end":{"line":113,"column":37}},"25":{"start":{"line":115,"column":8},"end":{"line":115,"column":92}},"26":{"start":{"line":151,"column":0},"end":{"line":164,"column":3}},"27":{"start":{"line":152,"column":4},"end":{"line":163,"column":5}},"28":{"start":{"line":153,"column":24},"end":{"line":153,"column":88}},"29":{"start":{"line":154,"column":8},"end":{"line":157,"column":9}},"30":{"start":{"line":155,"column":12},"end":{"line":155,"column":68}},"31":{"start":{"line":156,"column":12},"end":{"line":156,"column":19}},"32":{"start":{"line":158,"column":8},"end":{"line":158,"column":51}},"33":{"start":{"line":159,"column":23},"end":{"line":159,"column":60}},"34":{"start":{"line":160,"column":8},"end":{"line":160,"column":25}},"35":{"start":{"line":162,"column":8},"end":{"line":162,"column":95}},"36":{"start":{"line":185,"column":0},"end":{"line":196,"column":3}},"37":{"start":{"line":186,"column":4},"end":{"line":195,"column":5}},"38":{"start":{"line":187,"column":23},"end":{"line":187,"column":76}},"39":{"start":{"line":188,"column":8},"end":{"line":191,"column":9}},"40":{"start":{"line":189,"column":12},"end":{"line":189,"column":68}},"41":{"start":{"line":190,"column":12},"end":{"line":190,"column":19}},"42":{"start":{"line":192,"column":8},"end":{"line":192,"column":31}},"43":{"start":{"line":194,"column":8},"end":{"line":194,"column":95}},"44":{"start":{"line":198,"column":0},"end":{"line":198,"column":22}}},"fnMap":{"0":{"name":"(anonymous_0)","decl":{"start":{"line":31,"column":16},"end":{"line":31,"column":21}},"loc":{"start":{"line":31,"column":70},"end":{"line":45,"column":1}}},"1":{"name":"(anonymous_1)","decl":{"start":{"line":70,"column":19},"end":{"line":70,"column":24}},"loc":{"start":{"line":70,"column":72},"end":{"line":84,"column":1}}},"2":{"name":"(anonymous_2)","decl":{"start":{"line":109,"column":17},"end":{"line":109,"column":22}},"loc":{"start":{"line":109,"column":70},"end":{"line":117,"column":1}}},"3":{"name":"(anonymous_3)","decl":{"start":{"line":151,"column":19},"end":{"line":151,"column":24}},"loc":{"start":{"line":151,"column":72},"end":{"line":164,"column":1}}},"4":{"name":"(anonymous_4)","decl":{"start":{"line":185,"column":22},"end":{"line":185,"column":27}},"loc":{"start":{"line":185,"column":75},"end":{"line":196,"column":1}}}},"branchMap":{"0":{"loc":{"start":{"line":36,"column":28},"end":{"line":38,"column":16}},"type":"cond-expr","locations":[{"start":{"line":37,"column":14},"end":{"line":37,"column":52}},{"start":{"line":38,"column":14},"end":{"line":38,"column":16}}]},"1":{"loc":{"start":{"line":76,"column":8},"end":{"line":79,"column":9}},"type":"if","locations":[{"start":{"line":76,"column":8},"end":{"line":79,"column":9}},{"start":{},"end":{}}]},"2":{"loc":{"start":{"line":154,"column":8},"end":{"line":157,"column":9}},"type":"if","locations":[{"start":{"line":154,"column":8},"end":{"line":157,"column":9}},{"start":{},"end":{}}]},"3":{"loc":{"start":{"line":188,"column":8},"end":{"line":191,"column":9}},"type":"if","locations":[{"start":{"line":188,"column":8},"end":{"line":191,"column":9}},{"start":{},"end":{}}]}},"s":{"0":1,"1":1,"2":1,"3":1,"4":1,"5":1,"6":2,"7":2,"8":2,"9":2,"10":1,"11":1,"12":1,"13":3,"14":3,"15":2,"16":1,"17":1,"18":1,"19":1,"20":1,"21":2,"22":2,"23":1,"24":1,"25":1,"26":1,"27":3,"28":3,"29":3,"30":1,"31":1,"32":2,"33":1,"34":1,"35":1,"36":1,"37":3,"38":3,"39":2,"40":1,"41":1,"42":1,"43":1,"44":1},"f":{"0":2,"1":3,"2":2,"3":3,"4":3},"b":{"0":[0,2],"1":[1,1],"2":[1,2],"3":[1,1]}}
,"/Users/nathan/Documents/Projet/Alix/alix-api/src/routes/communes.routes.ts": {"path":"/Users/nathan/Documents/Projet/Alix/alix-api/src/routes/communes.routes.ts","statementMap":{"0":{"start":{"line":1,"column":0},"end":{"line":1,"column":52}},"1":{"start":{"line":2,"column":0},"end":{"line":2,"column":54}},"2":{"start":{"line":3,"column":0},"end":{"line":3,"column":43}},"3":{"start":{"line":5,"column":15},"end":{"line":5,"column":23}},"4":{"start":{"line":6,"column":26},"end":{"line":6,"column":62}},"5":{"start":{"line":26,"column":0},"end":{"line":33,"column":3}},"6":{"start":{"line":27,"column":2},"end":{"line":32,"column":3}},"7":{"start":{"line":28,"column":21},"end":{"line":28,"column":51}},"8":{"start":{"line":29,"column":4},"end":{"line":29,"column":23}},"9":{"start":{"line":31,"column":4},"end":{"line":31,"column":85}},"10":{"start":{"line":61,"column":0},"end":{"line":74,"column":5}},"11":{"start":{"line":62,"column":4},"end":{"line":73,"column":5}},"12":{"start":{"line":63,"column":22},"end":{"line":65,"column":8}},"13":{"start":{"line":66,"column":6},"end":{"line":69,"column":7}},"14":{"start":{"line":67,"column":8},"end":{"line":67,"column":65}},"15":{"start":{"line":68,"column":8},"end":{"line":68,"column":15}},"16":{"start":{"line":70,"column":6},"end":{"line":70,"column":24}},"17":{"start":{"line":72,"column":6},"end":{"line":72,"column":88}},"18":{"start":{"line":101,"column":0},"end":{"line":109,"column":3}},"19":{"start":{"line":102,"column":2},"end":{"line":108,"column":3}},"20":{"start":{"line":103,"column":23},"end":{"line":103,"column":57}},"21":{"start":{"line":104,"column":25},"end":{"line":104,"column":65}},"22":{"start":{"line":105,"column":4},"end":{"line":105,"column":39}},"23":{"start":{"line":107,"column":4},"end":{"line":107,"column":89}},"24":{"start":{"line":145,"column":0},"end":{"line":158,"column":5}},"25":{"start":{"line":146,"column":4},"end":{"line":157,"column":5}},"26":{"start":{"line":147,"column":22},"end":{"line":147,"column":78}},"27":{"start":{"line":148,"column":6},"end":{"line":151,"column":7}},"28":{"start":{"line":149,"column":8},"end":{"line":149,"column":65}},"29":{"start":{"line":150,"column":8},"end":{"line":150,"column":15}},"30":{"start":{"line":152,"column":6},"end":{"line":152,"column":49}},"31":{"start":{"line":153,"column":21},"end":{"line":153,"column":58}},"32":{"start":{"line":154,"column":6},"end":{"line":154,"column":23}},"33":{"start":{"line":156,"column":6},"end":{"line":156,"column":94}},"34":{"start":{"line":181,"column":0},"end":{"line":192,"column":5}},"35":{"start":{"line":182,"column":4},"end":{"line":191,"column":5}},"36":{"start":{"line":183,"column":21},"end":{"line":183,"column":74}},"37":{"start":{"line":184,"column":6},"end":{"line":187,"column":7}},"38":{"start":{"line":185,"column":8},"end":{"line":185,"column":65}},"39":{"start":{"line":186,"column":8},"end":{"line":186,"column":15}},"40":{"start":{"line":188,"column":6},"end":{"line":188,"column":29}},"41":{"start":{"line":190,"column":6},"end":{"line":190,"column":94}},"42":{"start":{"line":194,"column":0},"end":{"line":194,"column":22}}},"fnMap":{"0":{"name":"(anonymous_0)","decl":{"start":{"line":26,"column":16},"end":{"line":26,"column":21}},"loc":{"start":{"line":26,"column":35},"end":{"line":33,"column":1}}},"1":{"name":"(anonymous_1)","decl":{"start":{"line":61,"column":19},"end":{"line":61,"column":24}},"loc":{"start":{"line":61,"column":72},"end":{"line":74,"column":3}}},"2":{"name":"(anonymous_2)","decl":{"start":{"line":101,"column":17},"end":{"line":101,"column":22}},"loc":{"start":{"line":101,"column":55},"end":{"line":109,"column":1}}},"3":{"name":"(anonymous_3)","decl":{"start":{"line":145,"column":19},"end":{"line":145,"column":24}},"loc":{"start":{"line":145,"column":72},"end":{"line":158,"column":3}}},"4":{"name":"(anonymous_4)","decl":{"start":{"line":181,"column":22},"end":{"line":181,"column":27}},"loc":{"start":{"line":181,"column":75},"end":{"line":192,"column":3}}}},"branchMap":{"0":{"loc":{"start":{"line":66,"column":6},"end":{"line":69,"column":7}},"type":"if","locations":[{"start":{"line":66,"column":6},"end":{"line":69,"column":7}},{"start":{},"end":{}}]},"1":{"loc":{"start":{"line":148,"column":6},"end":{"line":151,"column":7}},"type":"if","locations":[{"start":{"line":148,"column":6},"end":{"line":151,"column":7}},{"start":{},"end":{}}]},"2":{"loc":{"start":{"line":184,"column":6},"end":{"line":187,"column":7}},"type":"if","locations":[{"start":{"line":184,"column":6},"end":{"line":187,"column":7}},{"start":{},"end":{}}]}},"s":{"0":1,"1":1,"2":1,"3":1,"4":1,"5":1,"6":2,"7":2,"8":1,"9":1,"10":1,"11":3,"12":3,"13":2,"14":1,"15":1,"16":1,"17":1,"18":1,"19":2,"20":2,"21":1,"22":1,"23":1,"24":1,"25":3,"26":3,"27":3,"28":1,"29":1,"30":2,"31":1,"32":1,"33":1,"34":1,"35":3,"36":3,"37":2,"38":1,"39":1,"40":1,"41":1,"42":1},"f":{"0":2,"1":3,"2":2,"3":3,"4":3},"b":{"0":[1,1],"1":[1,2],"2":[1,1]}}
,"/Users/nathan/Documents/Projet/Alix/alix-api/src/routes/events.routes.ts": {"path":"/Users/nathan/Documents/Projet/Alix/alix-api/src/routes/events.routes.ts","statementMap":{"0":{"start":{"line":1,"column":0},"end":{"line":1,"column":52}},"1":{"start":{"line":2,"column":0},"end":{"line":2,"column":54}},"2":{"start":{"line":3,"column":0},"end":{"line":3,"column":39}},"3":{"start":{"line":5,"column":15},"end":{"line":5,"column":23}},"4":{"start":{"line":6,"column":24},"end":{"line":6,"column":58}},"5":{"start":{"line":31,"column":0},"end":{"line":49,"column":3}},"6":{"start":{"line":32,"column":4},"end":{"line":48,"column":5}},"7":{"start":{"line":33,"column":28},"end":{"line":33,"column":37}},"8":{"start":{"line":36,"column":26},"end":{"line":38,"column":12}},"9":{"start":{"line":40,"column":21},"end":{"line":43,"column":8}},"10":{"start":{"line":45,"column":6},"end":{"line":45,"column":23}},"11":{"start":{"line":47,"column":6},"end":{"line":47,"column":89}},"12":{"start":{"line":75,"column":0},"end":{"line":89,"column":3}},"13":{"start":{"line":76,"column":4},"end":{"line":88,"column":5}},"14":{"start":{"line":77,"column":22},"end":{"line":80,"column":10}},"15":{"start":{"line":81,"column":8},"end":{"line":84,"column":9}},"16":{"start":{"line":82,"column":12},"end":{"line":82,"column":70}},"17":{"start":{"line":83,"column":12},"end":{"line":83,"column":19}},"18":{"start":{"line":85,"column":8},"end":{"line":85,"column":24}},"19":{"start":{"line":87,"column":8},"end":{"line":87,"column":91}},"20":{"start":{"line":114,"column":0},"end":{"line":122,"column":3}},"21":{"start":{"line":115,"column":4},"end":{"line":121,"column":5}},"22":{"start":{"line":116,"column":25},"end":{"line":116,"column":57}},"23":{"start":{"line":117,"column":23},"end":{"line":117,"column":59}},"24":{"start":{"line":118,"column":8},"end":{"line":118,"column":37}},"25":{"start":{"line":120,"column":8},"end":{"line":120,"column":94}},"26":{"start":{"line":156,"column":0},"end":{"line":169,"column":3}},"27":{"start":{"line":157,"column":4},"end":{"line":168,"column":5}},"28":{"start":{"line":158,"column":22},"end":{"line":158,"column":84}},"29":{"start":{"line":159,"column":8},"end":{"line":162,"column":9}},"30":{"start":{"line":160,"column":12},"end":{"line":160,"column":70}},"31":{"start":{"line":161,"column":12},"end":{"line":161,"column":19}},"32":{"start":{"line":163,"column":8},"end":{"line":163,"column":47}},"33":{"start":{"line":164,"column":23},"end":{"line":164,"column":56}},"34":{"start":{"line":165,"column":8},"end":{"line":165,"column":25}},"35":{"start":{"line":167,"column":8},"end":{"line":167,"column":97}},"36":{"start":{"line":190,"column":0},"end":{"line":201,"column":3}},"37":{"start":{"line":191,"column":4},"end":{"line":200,"column":5}},"38":{"start":{"line":192,"column":23},"end":{"line":192,"column":74}},"39":{"start":{"line":193,"column":8},"end":{"line":196,"column":9}},"40":{"start":{"line":194,"column":12},"end":{"line":194,"column":70}},"41":{"start":{"line":195,"column":12},"end":{"line":195,"column":19}},"42":{"start":{"line":197,"column":8},"end":{"line":197,"column":31}},"43":{"start":{"line":199,"column":8},"end":{"line":199,"column":97}},"44":{"start":{"line":203,"column":0},"end":{"line":203,"column":22}}},"fnMap":{"0":{"name":"(anonymous_0)","decl":{"start":{"line":31,"column":16},"end":{"line":31,"column":21}},"loc":{"start":{"line":31,"column":69},"end":{"line":49,"column":1}}},"1":{"name":"(anonymous_1)","decl":{"start":{"line":75,"column":19},"end":{"line":75,"column":24}},"loc":{"start":{"line":75,"column":72},"end":{"line":89,"column":1}}},"2":{"name":"(anonymous_2)","decl":{"start":{"line":114,"column":17},"end":{"line":114,"column":22}},"loc":{"start":{"line":114,"column":70},"end":{"line":122,"column":1}}},"3":{"name":"(anonymous_3)","decl":{"start":{"line":156,"column":19},"end":{"line":156,"column":24}},"loc":{"start":{"line":156,"column":72},"end":{"line":169,"column":1}}},"4":{"name":"(anonymous_4)","decl":{"start":{"line":190,"column":22},"end":{"line":190,"column":27}},"loc":{"start":{"line":190,"column":75},"end":{"line":201,"column":1}}}},"branchMap":{"0":{"loc":{"start":{"line":36,"column":26},"end":{"line":38,"column":12}},"type":"cond-expr","locations":[{"start":{"line":37,"column":10},"end":{"line":37,"column":48}},{"start":{"line":38,"column":10},"end":{"line":38,"column":12}}]},"1":{"loc":{"start":{"line":81,"column":8},"end":{"line":84,"column":9}},"type":"if","locations":[{"start":{"line":81,"column":8},"end":{"line":84,"column":9}},{"start":{},"end":{}}]},"2":{"loc":{"start":{"line":159,"column":8},"end":{"line":162,"column":9}},"type":"if","locations":[{"start":{"line":159,"column":8},"end":{"line":162,"column":9}},{"start":{},"end":{}}]},"3":{"loc":{"start":{"line":193,"column":8},"end":{"line":196,"column":9}},"type":"if","locations":[{"start":{"line":193,"column":8},"end":{"line":196,"column":9}},{"start":{},"end":{}}]}},"s":{"0":1,"1":1,"2":1,"3":1,"4":1,"5":1,"6":3,"7":3,"8":3,"9":3,"10":2,"11":1,"12":1,"13":3,"14":3,"15":2,"16":1,"17":1,"18":1,"19":1,"20":1,"21":2,"22":2,"23":1,"24":1,"25":1,"26":1,"27":3,"28":3,"29":3,"30":1,"31":1,"32":2,"33":1,"34":1,"35":1,"36":1,"37":3,"38":3,"39":2,"40":1,"41":1,"42":1,"43":1,"44":1},"f":{"0":3,"1":3,"2":2,"3":3,"4":3},"b":{"0":[1,2],"1":[1,1],"2":[1,2],"3":[1,1]}}
,"/Users/nathan/Documents/Projet/Alix/alix-api/src/routes/registrations.routes.ts": {"path":"/Users/nathan/Documents/Projet/Alix/alix-api/src/routes/registrations.routes.ts","statementMap":{"0":{"start":{"line":1,"column":0},"end":{"line":1,"column":52}},"1":{"start":{"line":2,"column":0},"end":{"line":2,"column":54}},"2":{"start":{"line":3,"column":0},"end":{"line":3,"column":53}},"3":{"start":{"line":4,"column":0},"end":{"line":4,"column":37}},"4":{"start":{"line":5,"column":0},"end":{"line":5,"column":39}},"5":{"start":{"line":6,"column":0},"end":{"line":6,"column":45}},"6":{"start":{"line":8,"column":15},"end":{"line":8,"column":23}},"7":{"start":{"line":9,"column":31},"end":{"line":9,"column":72}},"8":{"start":{"line":21,"column":0},"end":{"line":32,"column":3}},"9":{"start":{"line":22,"column":2},"end":{"line":31,"column":3}},"10":{"start":{"line":23,"column":26},"end":{"line":25,"column":6}},"11":{"start":{"line":26,"column":4},"end":{"line":26,"column":28}},"12":{"start":{"line":28,"column":4},"end":{"line":30,"column":7}},"13":{"start":{"line":41,"column":0},"end":{"line":67,"column":3}},"14":{"start":{"line":42,"column":2},"end":{"line":66,"column":3}},"15":{"start":{"line":43,"column":44},"end":{"line":43,"column":53}},"16":{"start":{"line":45,"column":4},"end":{"line":48,"column":5}},"17":{"start":{"line":46,"column":6},"end":{"line":46,"column":62}},"18":{"start":{"line":47,"column":6},"end":{"line":47,"column":13}},"19":{"start":{"line":50,"column":21},"end":{"line":56,"column":6}},"20":{"start":{"line":58,"column":4},"end":{"line":58,"column":43}},"21":{"start":{"line":60,"column":14},"end":{"line":60,"column":28}},"22":{"start":{"line":62,"column":4},"end":{"line":65,"column":7}},"23":{"start":{"line":76,"column":0},"end":{"line":90,"column":3}},"24":{"start":{"line":77,"column":2},"end":{"line":89,"column":3}},"25":{"start":{"line":78,"column":25},"end":{"line":81,"column":6}},"26":{"start":{"line":82,"column":4},"end":{"line":85,"column":5}},"27":{"start":{"line":83,"column":6},"end":{"line":83,"column":67}},"28":{"start":{"line":84,"column":6},"end":{"line":84,"column":13}},"29":{"start":{"line":86,"column":4},"end":{"line":86,"column":27}},"30":{"start":{"line":88,"column":4},"end":{"line":88,"column":92}},"31":{"start":{"line":99,"column":0},"end":{"line":139,"column":3}},"32":{"start":{"line":100,"column":2},"end":{"line":138,"column":3}},"33":{"start":{"line":101,"column":62},"end":{"line":101,"column":70}},"34":{"start":{"line":103,"column":4},"end":{"line":106,"column":5}},"35":{"start":{"line":104,"column":6},"end":{"line":104,"column":90}},"36":{"start":{"line":105,"column":6},"end":{"line":105,"column":13}},"37":{"start":{"line":108,"column":17},"end":{"line":108,"column":92}},"38":{"start":{"line":109,"column":4},"end":{"line":112,"column":5}},"39":{"start":{"line":110,"column":6},"end":{"line":110,"column":66}},"40":{"start":{"line":111,"column":6},"end":{"line":111,"column":13}},"41":{"start":{"line":114,"column":18},"end":{"line":116,"column":17}},"42":{"start":{"line":118,"column":21},"end":{"line":120,"column":17}},"43":{"start":{"line":122,"column":4},"end":{"line":125,"column":5}},"44":{"start":{"line":123,"column":6},"end":{"line":123,"column":77}},"45":{"start":{"line":124,"column":6},"end":{"line":124,"column":13}},"46":{"start":{"line":127,"column":28},"end":{"line":132,"column":6}},"47":{"start":{"line":134,"column":19},"end":{"line":134,"column":69}},"48":{"start":{"line":135,"column":4},"end":{"line":135,"column":33}},"49":{"start":{"line":137,"column":4},"end":{"line":137,"column":92}},"50":{"start":{"line":148,"column":0},"end":{"line":198,"column":3}},"51":{"start":{"line":149,"column":2},"end":{"line":197,"column":3}},"52":{"start":{"line":150,"column":25},"end":{"line":153,"column":6}},"53":{"start":{"line":155,"column":4},"end":{"line":158,"column":5}},"54":{"start":{"line":156,"column":6},"end":{"line":156,"column":67}},"55":{"start":{"line":157,"column":6},"end":{"line":157,"column":13}},"56":{"start":{"line":160,"column":62},"end":{"line":160,"column":70}},"57":{"start":{"line":162,"column":4},"end":{"line":169,"column":5}},"58":{"start":{"line":163,"column":19},"end":{"line":163,"column":94}},"59":{"start":{"line":164,"column":6},"end":{"line":167,"column":7}},"60":{"start":{"line":165,"column":8},"end":{"line":165,"column":68}},"61":{"start":{"line":166,"column":8},"end":{"line":166,"column":15}},"62":{"start":{"line":168,"column":6},"end":{"line":168,"column":31}},"63":{"start":{"line":171,"column":4},"end":{"line":187,"column":5}},"64":{"start":{"line":172,"column":20},"end":{"line":172,"column":97}},"65":{"start":{"line":173,"column":6},"end":{"line":176,"column":7}},"66":{"start":{"line":174,"column":8},"end":{"line":174,"column":66}},"67":{"start":{"line":175,"column":8},"end":{"line":175,"column":15}},"68":{"start":{"line":177,"column":6},"end":{"line":177,"column":33}},"69":{"start":{"line":178,"column":6},"end":{"line":178,"column":40}},"70":{"start":{"line":179,"column":11},"end":{"line":187,"column":5}},"71":{"start":{"line":180,"column":23},"end":{"line":180,"column":106}},"72":{"start":{"line":181,"column":6},"end":{"line":184,"column":7}},"73":{"start":{"line":182,"column":8},"end":{"line":182,"column":64}},"74":{"start":{"line":183,"column":8},"end":{"line":183,"column":15}},"75":{"start":{"line":185,"column":6},"end":{"line":185,"column":39}},"76":{"start":{"line":186,"column":6},"end":{"line":186,"column":37}},"77":{"start":{"line":189,"column":4},"end":{"line":191,"column":5}},"78":{"start":{"line":190,"column":6},"end":{"line":190,"column":59}},"79":{"start":{"line":193,"column":32},"end":{"line":193,"column":79}},"80":{"start":{"line":194,"column":4},"end":{"line":194,"column":34}},"81":{"start":{"line":196,"column":4},"end":{"line":196,"column":95}},"82":{"start":{"line":207,"column":0},"end":{"line":235,"column":3}},"83":{"start":{"line":208,"column":2},"end":{"line":234,"column":3}},"84":{"start":{"line":209,"column":44},"end":{"line":209,"column":53}},"85":{"start":{"line":211,"column":4},"end":{"line":214,"column":5}},"86":{"start":{"line":212,"column":6},"end":{"line":212,"column":64}},"87":{"start":{"line":213,"column":6},"end":{"line":213,"column":13}},"88":{"start":{"line":216,"column":25},"end":{"line":223,"column":6}},"89":{"start":{"line":225,"column":4},"end":{"line":228,"column":5}},"90":{"start":{"line":226,"column":6},"end":{"line":226,"column":67}},"91":{"start":{"line":227,"column":6},"end":{"line":227,"column":13}},"92":{"start":{"line":230,"column":4},"end":{"line":230,"column":57}},"93":{"start":{"line":231,"column":4},"end":{"line":231,"column":27}},"94":{"start":{"line":233,"column":4},"end":{"line":233,"column":81}},"95":{"start":{"line":237,"column":0},"end":{"line":237,"column":22}}},"fnMap":{"0":{"name":"(anonymous_0)","decl":{"start":{"line":21,"column":16},"end":{"line":21,"column":21}},"loc":{"start":{"line":21,"column":70},"end":{"line":32,"column":1}}},"1":{"name":"(anonymous_1)","decl":{"start":{"line":41,"column":21},"end":{"line":41,"column":26}},"loc":{"start":{"line":41,"column":74},"end":{"line":67,"column":1}}},"2":{"name":"(anonymous_2)","decl":{"start":{"line":76,"column":19},"end":{"line":76,"column":24}},"loc":{"start":{"line":76,"column":72},"end":{"line":90,"column":1}}},"3":{"name":"(anonymous_3)","decl":{"start":{"line":99,"column":17},"end":{"line":99,"column":22}},"loc":{"start":{"line":99,"column":70},"end":{"line":139,"column":1}}},"4":{"name":"(anonymous_4)","decl":{"start":{"line":148,"column":19},"end":{"line":148,"column":24}},"loc":{"start":{"line":148,"column":72},"end":{"line":198,"column":1}}},"5":{"name":"(anonymous_5)","decl":{"start":{"line":207,"column":19},"end":{"line":207,"column":24}},"loc":{"start":{"line":207,"column":72},"end":{"line":235,"column":1}}}},"branchMap":{"0":{"loc":{"start":{"line":45,"column":4},"end":{"line":48,"column":5}},"type":"if","locations":[{"start":{"line":45,"column":4},"end":{"line":48,"column":5}},{"start":{},"end":{}}]},"1":{"loc":{"start":{"line":45,"column":8},"end":{"line":45,"column":44}},"type":"binary-expr","locations":[{"start":{"line":45,"column":8},"end":{"line":45,"column":15}},{"start":{"line":45,"column":20},"end":{"line":45,"column":28}},{"start":{"line":45,"column":32},"end":{"line":45,"column":43}}]},"2":{"loc":{"start":{"line":53,"column":16},"end":{"line":53,"column":61}},"type":"cond-expr","locations":[{"start":{"line":53,"column":26},"end":{"line":53,"column":49}},{"start":{"line":53,"column":52},"end":{"line":53,"column":61}}]},"3":{"loc":{"start":{"line":54,"column":19},"end":{"line":54,"column":70}},"type":"cond-expr","locations":[{"start":{"line":54,"column":32},"end":{"line":54,"column":58}},{"start":{"line":54,"column":61},"end":{"line":54,"column":70}}]},"4":{"loc":{"start":{"line":64,"column":14},"end":{"line":64,"column":63}},"type":"binary-expr","locations":[{"start":{"line":64,"column":14},"end":{"line":64,"column":21}},{"start":{"line":64,"column":25},"end":{"line":64,"column":34}},{"start":{"line":64,"column":38},"end":{"line":64,"column":63}}]},"5":{"loc":{"start":{"line":82,"column":4},"end":{"line":85,"column":5}},"type":"if","locations":[{"start":{"line":82,"column":4},"end":{"line":85,"column":5}},{"start":{},"end":{}}]},"6":{"loc":{"start":{"line":103,"column":4},"end":{"line":106,"column":5}},"type":"if","locations":[{"start":{"line":103,"column":4},"end":{"line":106,"column":5}},{"start":{},"end":{}}]},"7":{"loc":{"start":{"line":103,"column":8},"end":{"line":103,"column":65}},"type":"binary-expr","locations":[{"start":{"line":103,"column":8},"end":{"line":103,"column":16}},{"start":{"line":103,"column":21},"end":{"line":103,"column":30}},{"start":{"line":103,"column":34},"end":{"line":103,"column":46}},{"start":{"line":103,"column":51},"end":{"line":103,"column":65}}]},"8":{"loc":{"start":{"line":109,"column":4},"end":{"line":112,"column":5}},"type":"if","locations":[{"start":{"line":109,"column":4},"end":{"line":112,"column":5}},{"start":{},"end":{}}]},"9":{"loc":{"start":{"line":114,"column":18},"end":{"line":116,"column":17}},"type":"cond-expr","locations":[{"start":{"line":115,"column":8},"end":{"line":115,"column":85}},{"start":{"line":116,"column":8},"end":{"line":116,"column":17}}]},"10":{"loc":{"start":{"line":118,"column":21},"end":{"line":120,"column":17}},"type":"cond-expr","locations":[{"start":{"line":119,"column":8},"end":{"line":119,"column":91}},{"start":{"line":120,"column":8},"end":{"line":120,"column":17}}]},"11":{"loc":{"start":{"line":122,"column":4},"end":{"line":125,"column":5}},"type":"if","locations":[{"start":{"line":122,"column":4},"end":{"line":125,"column":5}},{"start":{},"end":{}}]},"12":{"loc":{"start":{"line":122,"column":8},"end":{"line":122,"column":27}},"type":"binary-expr","locations":[{"start":{"line":122,"column":8},"end":{"line":122,"column":14}},{"start":{"line":122,"column":18},"end":{"line":122,"column":27}}]},"13":{"loc":{"start":{"line":155,"column":4},"end":{"line":158,"column":5}},"type":"if","locations":[{"start":{"line":155,"column":4},"end":{"line":158,"column":5}},{"start":{},"end":{}}]},"14":{"loc":{"start":{"line":162,"column":4},"end":{"line":169,"column":5}},"type":"if","locations":[{"start":{"line":162,"column":4},"end":{"line":169,"column":5}},{"start":{},"end":{}}]},"15":{"loc":{"start":{"line":164,"column":6},"end":{"line":167,"column":7}},"type":"if","locations":[{"start":{"line":164,"column":6},"end":{"line":167,"column":7}},{"start":{},"end":{}}]},"16":{"loc":{"start":{"line":171,"column":4},"end":{"line":187,"column":5}},"type":"if","locations":[{"start":{"line":171,"column":4},"end":{"line":187,"column":5}},{"start":{"line":179,"column":11},"end":{"line":187,"column":5}}]},"17":{"loc":{"start":{"line":173,"column":6},"end":{"line":176,"column":7}},"type":"if","locations":[{"start":{"line":173,"column":6},"end":{"line":176,"column":7}},{"start":{},"end":{}}]},"18":{"loc":{"start":{"line":179,"column":11},"end":{"line":187,"column":5}},"type":"if","locations":[{"start":{"line":179,"column":11},"end":{"line":187,"column":5}},{"start":{},"end":{}}]},"19":{"loc":{"start":{"line":181,"column":6},"end":{"line":184,"column":7}},"type":"if","locations":[{"start":{"line":181,"column":6},"end":{"line":184,"column":7}},{"start":{},"end":{}}]},"20":{"loc":{"start":{"line":189,"column":4},"end":{"line":191,"column":5}},"type":"if","locations":[{"start":{"line":189,"column":4},"end":{"line":191,"column":5}},{"start":{},"end":{}}]},"21":{"loc":{"start":{"line":211,"column":4},"end":{"line":214,"column":5}},"type":"if","locations":[{"start":{"line":211,"column":4},"end":{"line":214,"column":5}},{"start":{},"end":{}}]},"22":{"loc":{"start":{"line":211,"column":8},"end":{"line":211,"column":44}},"type":"binary-expr","locations":[{"start":{"line":211,"column":8},"end":{"line":211,"column":15}},{"start":{"line":211,"column":20},"end":{"line":211,"column":28}},{"start":{"line":211,"column":32},"end":{"line":211,"column":43}}]},"23":{"loc":{"start":{"line":219,"column":12},"end":{"line":219,"column":61}},"type":"cond-expr","locations":[{"start":{"line":219,"column":22},"end":{"line":219,"column":56}},{"start":{"line":219,"column":59},"end":{"line":219,"column":61}}]},"24":{"loc":{"start":{"line":220,"column":12},"end":{"line":220,"column":70}},"type":"cond-expr","locations":[{"start":{"line":220,"column":25},"end":{"line":220,"column":65}},{"start":{"line":220,"column":68},"end":{"line":220,"column":70}}]},"25":{"loc":{"start":{"line":225,"column":4},"end":{"line":228,"column":5}},"type":"if","locations":[{"start":{"line":225,"column":4},"end":{"line":228,"column":5}},{"start":{},"end":{}}]}},"s":{"0":1,"1":1,"2":1,"3":1,"4":1,"5":1,"6":1,"7":1,"8":1,"9":2,"10":2,"11":1,"12":1,"13":1,"14":3,"15":3,"16":3,"17":1,"18":1,"19":2,"20":1,"21":1,"22":1,"23":1,"24":3,"25":3,"26":2,"27":1,"28":1,"29":1,"30":1,"31":1,"32":4,"33":4,"34":4,"35":1,"36":1,"37":3,"38":3,"39":1,"40":1,"41":2,"42":2,"43":2,"44":0,"45":0,"46":2,"47":1,"48":1,"49":1,"50":1,"51":5,"52":5,"53":5,"54":2,"55":2,"56":3,"57":3,"58":0,"59":0,"60":0,"61":0,"62":0,"63":3,"64":1,"65":1,"66":1,"67":1,"68":0,"69":0,"70":2,"71":0,"72":0,"73":0,"74":0,"75":0,"76":0,"77":2,"78":2,"79":2,"80":1,"81":1,"82":1,"83":4,"84":4,"85":4,"86":1,"87":1,"88":3,"89":3,"90":1,"91":1,"92":2,"93":1,"94":1,"95":1},"f":{"0":2,"1":3,"2":3,"3":4,"4":5,"5":4},"b":{"0":[1,2],"1":[3,3,1],"2":[2,0],"3":[0,2],"4":[1,0,0],"5":[1,1],"6":[1,3],"7":[4,4,1,3],"8":[1,2],"9":[2,0],"10":[0,2],"11":[0,2],"12":[2,0],"13":[2,3],"14":[0,3],"15":[0,0],"16":[1,2],"17":[1,0],"18":[0,2],"19":[0,0],"20":[2,0],"21":[1,3],"22":[4,4,1],"23":[3,0],"24":[0,3],"25":[1,2]}}
,"/Users/nathan/Documents/Projet/Alix/alix-api/src/routes/users.routes.ts": {"path":"/Users/nathan/Documents/Projet/Alix/alix-api/src/routes/users.routes.ts","statementMap":{"0":{"start":{"line":1,"column":0},"end":{"line":1,"column":52}},"1":{"start":{"line":2,"column":0},"end":{"line":2,"column":54}},"2":{"start":{"line":3,"column":0},"end":{"line":3,"column":37}},"3":{"start":{"line":5,"column":15},"end":{"line":5,"column":23}},"4":{"start":{"line":6,"column":23},"end":{"line":6,"column":56}},"5":{"start":{"line":31,"column":0},"end":{"line":38,"column":3}},"6":{"start":{"line":32,"column":2},"end":{"line":37,"column":3}},"7":{"start":{"line":33,"column":18},"end":{"line":33,"column":71}},"8":{"start":{"line":34,"column":4},"end":{"line":34,"column":20}},"9":{"start":{"line":36,"column":4},"end":{"line":36,"column":89}},"10":{"start":{"line":63,"column":0},"end":{"line":77,"column":3}},"11":{"start":{"line":64,"column":2},"end":{"line":76,"column":3}},"12":{"start":{"line":65,"column":17},"end":{"line":68,"column":6}},"13":{"start":{"line":69,"column":4},"end":{"line":72,"column":5}},"14":{"start":{"line":70,"column":6},"end":{"line":70,"column":66}},"15":{"start":{"line":71,"column":6},"end":{"line":71,"column":13}},"16":{"start":{"line":73,"column":4},"end":{"line":73,"column":19}},"17":{"start":{"line":75,"column":4},"end":{"line":75,"column":89}},"18":{"start":{"line":102,"column":0},"end":{"line":110,"column":3}},"19":{"start":{"line":103,"column":2},"end":{"line":109,"column":3}},"20":{"start":{"line":104,"column":20},"end":{"line":104,"column":51}},"21":{"start":{"line":105,"column":19},"end":{"line":105,"column":53}},"22":{"start":{"line":106,"column":4},"end":{"line":106,"column":33}},"23":{"start":{"line":108,"column":4},"end":{"line":108,"column":92}},"24":{"start":{"line":144,"column":0},"end":{"line":157,"column":3}},"25":{"start":{"line":145,"column":2},"end":{"line":156,"column":3}},"26":{"start":{"line":146,"column":17},"end":{"line":146,"column":78}},"27":{"start":{"line":147,"column":4},"end":{"line":150,"column":5}},"28":{"start":{"line":148,"column":6},"end":{"line":148,"column":66}},"29":{"start":{"line":149,"column":6},"end":{"line":149,"column":13}},"30":{"start":{"line":151,"column":4},"end":{"line":151,"column":41}},"31":{"start":{"line":152,"column":19},"end":{"line":152,"column":50}},"32":{"start":{"line":153,"column":4},"end":{"line":153,"column":21}},"33":{"start":{"line":155,"column":4},"end":{"line":155,"column":95}},"34":{"start":{"line":178,"column":0},"end":{"line":189,"column":3}},"35":{"start":{"line":179,"column":2},"end":{"line":188,"column":3}},"36":{"start":{"line":180,"column":19},"end":{"line":180,"column":69}},"37":{"start":{"line":181,"column":4},"end":{"line":184,"column":5}},"38":{"start":{"line":182,"column":6},"end":{"line":182,"column":66}},"39":{"start":{"line":183,"column":6},"end":{"line":183,"column":13}},"40":{"start":{"line":185,"column":4},"end":{"line":185,"column":27}},"41":{"start":{"line":187,"column":4},"end":{"line":187,"column":95}},"42":{"start":{"line":191,"column":0},"end":{"line":191,"column":22}}},"fnMap":{"0":{"name":"(anonymous_0)","decl":{"start":{"line":31,"column":16},"end":{"line":31,"column":21}},"loc":{"start":{"line":31,"column":70},"end":{"line":38,"column":1}}},"1":{"name":"(anonymous_1)","decl":{"start":{"line":63,"column":19},"end":{"line":63,"column":24}},"loc":{"start":{"line":63,"column":72},"end":{"line":77,"column":1}}},"2":{"name":"(anonymous_2)","decl":{"start":{"line":102,"column":17},"end":{"line":102,"column":22}},"loc":{"start":{"line":102,"column":70},"end":{"line":110,"column":1}}},"3":{"name":"(anonymous_3)","decl":{"start":{"line":144,"column":19},"end":{"line":144,"column":24}},"loc":{"start":{"line":144,"column":72},"end":{"line":157,"column":1}}},"4":{"name":"(anonymous_4)","decl":{"start":{"line":178,"column":22},"end":{"line":178,"column":27}},"loc":{"start":{"line":178,"column":75},"end":{"line":189,"column":1}}}},"branchMap":{"0":{"loc":{"start":{"line":69,"column":4},"end":{"line":72,"column":5}},"type":"if","locations":[{"start":{"line":69,"column":4},"end":{"line":72,"column":5}},{"start":{},"end":{}}]},"1":{"loc":{"start":{"line":147,"column":4},"end":{"line":150,"column":5}},"type":"if","locations":[{"start":{"line":147,"column":4},"end":{"line":150,"column":5}},{"start":{},"end":{}}]},"2":{"loc":{"start":{"line":181,"column":4},"end":{"line":184,"column":5}},"type":"if","locations":[{"start":{"line":181,"column":4},"end":{"line":184,"column":5}},{"start":{},"end":{}}]}},"s":{"0":1,"1":1,"2":1,"3":1,"4":1,"5":1,"6":2,"7":2,"8":1,"9":1,"10":1,"11":3,"12":3,"13":2,"14":1,"15":1,"16":1,"17":1,"18":1,"19":2,"20":2,"21":1,"22":1,"23":1,"24":1,"25":3,"26":3,"27":3,"28":1,"29":1,"30":2,"31":1,"32":1,"33":1,"34":1,"35":3,"36":3,"37":2,"38":1,"39":1,"40":1,"41":1,"42":1},"f":{"0":2,"1":3,"2":2,"3":3,"4":3},"b":{"0":[1,1],"1":[1,2],"2":[1,1]}}
,"/Users/nathan/Documents/Projet/Alix/alix-api/src/routes/workshops.routes.ts": {"path":"/Users/nathan/Documents/Projet/Alix/alix-api/src/routes/workshops.routes.ts","statementMap":{"0":{"start":{"line":1,"column":0},"end":{"line":1,"column":52}},"1":{"start":{"line":2,"column":0},"end":{"line":2,"column":54}},"2":{"start":{"line":3,"column":0},"end":{"line":3,"column":45}},"3":{"start":{"line":5,"column":15},"end":{"line":5,"column":23}},"4":{"start":{"line":6,"column":27},"end":{"line":6,"column":64}},"5":{"start":{"line":31,"column":0},"end":{"line":45,"column":3}},"6":{"start":{"line":32,"column":4},"end":{"line":44,"column":5}},"7":{"start":{"line":34,"column":30},"end":{"line":34,"column":40}},"8":{"start":{"line":36,"column":28},"end":{"line":38,"column":16}},"9":{"start":{"line":40,"column":26},"end":{"line":40,"column":103}},"10":{"start":{"line":41,"column":8},"end":{"line":41,"column":28}},"11":{"start":{"line":43,"column":8},"end":{"line":43,"column":89}},"12":{"start":{"line":70,"column":0},"end":{"line":84,"column":3}},"13":{"start":{"line":71,"column":4},"end":{"line":83,"column":5}},"14":{"start":{"line":72,"column":25},"end":{"line":75,"column":10}},"15":{"start":{"line":76,"column":8},"end":{"line":79,"column":9}},"16":{"start":{"line":77,"column":12},"end":{"line":77,"column":68}},"17":{"start":{"line":78,"column":12},"end":{"line":78,"column":19}},"18":{"start":{"line":80,"column":8},"end":{"line":80,"column":27}},"19":{"start":{"line":82,"column":8},"end":{"line":82,"column":89}},"20":{"start":{"line":109,"column":0},"end":{"line":117,"column":3}},"21":{"start":{"line":110,"column":4},"end":{"line":116,"column":5}},"22":{"start":{"line":111,"column":28},"end":{"line":111,"column":63}},"23":{"start":{"line":112,"column":23},"end":{"line":112,"column":65}},"24":{"start":{"line":113,"column":8},"end":{"line":113,"column":37}},"25":{"start":{"line":115,"column":8},"end":{"line":115,"column":92}},"26":{"start":{"line":151,"column":0},"end":{"line":164,"column":3}},"27":{"start":{"line":152,"column":4},"end":{"line":163,"column":5}},"28":{"start":{"line":153,"column":25},"end":{"line":153,"column":90}},"29":{"start":{"line":154,"column":8},"end":{"line":157,"column":9}},"30":{"start":{"line":155,"column":12},"end":{"line":155,"column":68}},"31":{"start":{"line":156,"column":12},"end":{"line":156,"column":19}},"32":{"start":{"line":158,"column":8},"end":{"line":158,"column":53}},"33":{"start":{"line":159,"column":23},"end":{"line":159,"column":62}},"34":{"start":{"line":160,"column":8},"end":{"line":160,"column":25}},"35":{"start":{"line":162,"column":8},"end":{"line":162,"column":95}},"36":{"start":{"line":185,"column":0},"end":{"line":196,"column":3}},"37":{"start":{"line":186,"column":4},"end":{"line":195,"column":5}},"38":{"start":{"line":187,"column":23},"end":{"line":187,"column":77}},"39":{"start":{"line":188,"column":8},"end":{"line":191,"column":9}},"40":{"start":{"line":189,"column":12},"end":{"line":189,"column":68}},"41":{"start":{"line":190,"column":12},"end":{"line":190,"column":19}},"42":{"start":{"line":192,"column":8},"end":{"line":192,"column":31}},"43":{"start":{"line":194,"column":8},"end":{"line":194,"column":95}},"44":{"start":{"line":198,"column":0},"end":{"line":198,"column":22}}},"fnMap":{"0":{"name":"(anonymous_0)","decl":{"start":{"line":31,"column":16},"end":{"line":31,"column":21}},"loc":{"start":{"line":31,"column":70},"end":{"line":45,"column":1}}},"1":{"name":"(anonymous_1)","decl":{"start":{"line":70,"column":19},"end":{"line":70,"column":24}},"loc":{"start":{"line":70,"column":72},"end":{"line":84,"column":1}}},"2":{"name":"(anonymous_2)","decl":{"start":{"line":109,"column":17},"end":{"line":109,"column":22}},"loc":{"start":{"line":109,"column":70},"end":{"line":117,"column":1}}},"3":{"name":"(anonymous_3)","decl":{"start":{"line":151,"column":19},"end":{"line":151,"column":24}},"loc":{"start":{"line":151,"column":72},"end":{"line":164,"column":1}}},"4":{"name":"(anonymous_4)","decl":{"start":{"line":185,"column":22},"end":{"line":185,"column":27}},"loc":{"start":{"line":185,"column":75},"end":{"line":196,"column":1}}}},"branchMap":{"0":{"loc":{"start":{"line":36,"column":28},"end":{"line":38,"column":16}},"type":"cond-expr","locations":[{"start":{"line":37,"column":14},"end":{"line":37,"column":52}},{"start":{"line":38,"column":14},"end":{"line":38,"column":16}}]},"1":{"loc":{"start":{"line":76,"column":8},"end":{"line":79,"column":9}},"type":"if","locations":[{"start":{"line":76,"column":8},"end":{"line":79,"column":9}},{"start":{},"end":{}}]},"2":{"loc":{"start":{"line":154,"column":8},"end":{"line":157,"column":9}},"type":"if","locations":[{"start":{"line":154,"column":8},"end":{"line":157,"column":9}},{"start":{},"end":{}}]},"3":{"loc":{"start":{"line":188,"column":8},"end":{"line":191,"column":9}},"type":"if","locations":[{"start":{"line":188,"column":8},"end":{"line":191,"column":9}},{"start":{},"end":{}}]}},"s":{"0":1,"1":1,"2":1,"3":1,"4":1,"5":1,"6":2,"7":2,"8":2,"9":2,"10":1,"11":1,"12":1,"13":3,"14":3,"15":2,"16":1,"17":1,"18":1,"19":1,"20":1,"21":2,"22":2,"23":1,"24":1,"25":1,"26":1,"27":3,"28":3,"29":3,"30":1,"31":1,"32":2,"33":1,"34":1,"35":1,"36":1,"37":3,"38":3,"39":2,"40":1,"41":1,"42":1,"43":1,"44":1},"f":{"0":2,"1":3,"2":2,"3":3,"4":3},"b":{"0":[0,2],"1":[1,1],"2":[1,2],"3":[1,1]}}
}
