TN:
SF:src/class/Article.ts
FN:9,(anonymous_2)
FN:9,(anonymous_3)
FNF:2
FNH:0
FNDA:0,(anonymous_2)
FNDA:0,(anonymous_3)
DA:1,6
DA:2,6
DA:5,6
DA:7,6
DA:9,0
DA:10,6
DA:13,6
DA:16,6
DA:19,6
DA:22,6
DA:25,6
DA:28,6
DA:31,6
DA:34,6
DA:37,6
DA:40,6
DA:43,6
DA:46,6
DA:49,6
LF:19
LH:18
BRDA:10,0,0,1
BRDA:10,0,1,5
BRDA:10,1,0,6
BRDA:10,1,1,1
BRDA:49,2,0,6
BRDA:49,2,1,0
BRDA:49,3,0,6
BRDA:49,3,1,6
BRF:8
BRH:7
end_of_record
TN:
SF:src/class/Commune.ts
FN:30,(anonymous_2)
FN:30,(anonymous_3)
FN:33,(anonymous_4)
FN:33,(anonymous_5)
FN:36,(anonymous_6)
FN:36,(anonymous_7)
FN:39,(anonymous_8)
FN:39,(anonymous_9)
FNF:8
FNH:0
FNDA:0,(anonymous_2)
FNDA:0,(anonymous_3)
FNDA:0,(anonymous_4)
FNDA:0,(anonymous_5)
FNDA:0,(anonymous_6)
FNDA:0,(anonymous_7)
FNDA:0,(anonymous_8)
FNDA:0,(anonymous_9)
DA:1,6
DA:2,6
DA:3,6
DA:4,6
DA:5,6
DA:8,6
DA:10,6
DA:13,6
DA:16,6
DA:19,6
DA:22,6
DA:25,6
DA:28,6
DA:30,0
DA:31,6
DA:33,0
DA:34,6
DA:36,0
DA:37,6
DA:39,0
DA:40,6
LF:21
LH:17
BRDA:28,0,0,6
BRDA:28,0,1,0
BRDA:28,1,0,6
BRDA:28,1,1,6
BRF:4
BRH:3
end_of_record
TN:
SF:src/class/Event.ts
FN:10,(anonymous_2)
FN:10,(anonymous_3)
FN:49,(anonymous_4)
FN:49,(anonymous_5)
FNF:4
FNH:0
FNDA:0,(anonymous_2)
FNDA:0,(anonymous_3)
FNDA:0,(anonymous_4)
FNDA:0,(anonymous_5)
DA:1,6
DA:2,6
DA:3,6
DA:6,6
DA:8,6
DA:10,0
DA:11,6
DA:14,6
DA:17,6
DA:20,6
DA:23,6
DA:26,6
DA:29,6
DA:32,6
DA:35,6
DA:38,6
DA:41,6
DA:44,6
DA:47,6
DA:49,0
DA:50,6
LF:21
LH:19
BRDA:11,0,0,1
BRDA:11,0,1,5
BRDA:11,1,0,6
BRDA:11,1,1,1
BRDA:41,2,0,6
BRDA:41,2,1,0
BRDA:41,3,0,6
BRDA:41,3,1,6
BRDA:44,4,0,6
BRDA:44,4,1,0
BRDA:44,5,0,6
BRDA:44,5,1,6
BRDA:47,6,0,6
BRDA:47,6,1,0
BRDA:47,7,0,6
BRDA:47,7,1,6
BRF:16
BRH:13
end_of_record
TN:
SF:src/class/Registration.ts
FN:11,(anonymous_2)
FN:11,(anonymous_3)
FN:15,(anonymous_4)
FN:19,(anonymous_5)
FNF:4
FNH:0
FNDA:0,(anonymous_2)
FNDA:0,(anonymous_3)
FNDA:0,(anonymous_4)
FNDA:0,(anonymous_5)
DA:1,6
DA:2,6
DA:3,6
DA:4,6
DA:7,6
DA:9,6
DA:11,0
DA:13,6
DA:15,0
DA:17,6
DA:19,0
DA:21,6
DA:24,6
LF:13
LH:10
BRDA:13,0,0,1
BRDA:13,0,1,5
BRDA:13,1,0,6
BRDA:13,1,1,1
BRDA:17,2,0,4
BRDA:17,2,1,2
BRDA:17,3,0,6
BRDA:17,3,1,4
BRDA:21,4,0,5
BRDA:21,4,1,1
BRDA:21,5,0,6
BRDA:21,5,1,5
BRDA:24,6,0,6
BRDA:24,6,1,0
BRDA:24,7,0,6
BRDA:24,7,1,6
BRF:16
BRH:15
end_of_record
TN:
SF:src/class/User.ts
FN:49,(anonymous_2)
FN:25,(anonymous_3)
FN:25,(anonymous_4)
FN:45,(anonymous_5)
FN:45,(anonymous_6)
FNF:5
FNH:0
FNDA:0,(anonymous_2)
FNDA:0,(anonymous_3)
FNDA:0,(anonymous_4)
FNDA:0,(anonymous_5)
FNDA:0,(anonymous_6)
DA:1,6
DA:11,6
DA:12,6
DA:15,6
DA:17,6
DA:20,6
DA:23,6
DA:25,0
DA:27,6
DA:31,6
DA:34,6
DA:37,6
DA:40,6
DA:43,6
DA:45,0
DA:46,6
DA:50,0
LF:17
LH:14
BRDA:27,0,0,2
BRDA:27,0,1,4
BRDA:27,1,0,6
BRDA:27,1,1,2
BRDA:43,2,0,6
BRDA:43,2,1,0
BRDA:43,3,0,6
BRDA:43,3,1,6
BRF:8
BRH:7
end_of_record
TN:
SF:src/class/Workshop.ts
FN:10,(anonymous_2)
FN:10,(anonymous_3)
FN:50,(anonymous_4)
FN:50,(anonymous_5)
FNF:4
FNH:0
FNDA:0,(anonymous_2)
FNDA:0,(anonymous_3)
FNDA:0,(anonymous_4)
FNDA:0,(anonymous_5)
DA:1,6
DA:2,6
DA:3,6
DA:6,6
DA:8,6
DA:10,0
DA:12,6
DA:15,6
DA:18,6
DA:21,6
DA:24,6
DA:27,6
DA:30,6
DA:33,6
DA:36,6
DA:39,6
DA:42,6
DA:45,6
DA:48,6
DA:50,0
DA:51,6
LF:21
LH:19
BRDA:12,0,0,1
BRDA:12,0,1,5
BRDA:12,1,0,6
BRDA:12,1,1,1
BRDA:42,2,0,6
BRDA:42,2,1,0
BRDA:42,3,0,6
BRDA:42,3,1,6
BRDA:45,4,0,6
BRDA:45,4,1,0
BRDA:45,5,0,6
BRDA:45,5,1,6
BRDA:48,6,0,6
BRDA:48,6,1,0
BRDA:48,7,0,6
BRDA:48,7,1,6
BRF:16
BRH:13
end_of_record
TN:
SF:src/routes/articles.routes.ts
FN:31,(anonymous_0)
FN:70,(anonymous_1)
FN:109,(anonymous_2)
FN:151,(anonymous_3)
FN:185,(anonymous_4)
FNF:5
FNH:5
FNDA:2,(anonymous_0)
FNDA:3,(anonymous_1)
FNDA:2,(anonymous_2)
FNDA:3,(anonymous_3)
FNDA:3,(anonymous_4)
DA:1,1
DA:2,1
DA:3,1
DA:5,1
DA:6,1
DA:31,1
DA:32,2
DA:34,2
DA:36,2
DA:40,2
DA:41,1
DA:43,1
DA:70,1
DA:71,3
DA:72,3
DA:76,2
DA:77,1
DA:78,1
DA:80,1
DA:82,1
DA:109,1
DA:110,2
DA:111,2
DA:112,1
DA:113,1
DA:115,1
DA:151,1
DA:152,3
DA:153,3
DA:154,3
DA:155,1
DA:156,1
DA:158,2
DA:159,1
DA:160,1
DA:162,1
DA:185,1
DA:186,3
DA:187,3
DA:188,2
DA:189,1
DA:190,1
DA:192,1
DA:194,1
DA:198,1
LF:45
LH:45
BRDA:36,0,0,0
BRDA:36,0,1,2
BRDA:76,1,0,1
BRDA:76,1,1,1
BRDA:154,2,0,1
BRDA:154,2,1,2
BRDA:188,3,0,1
BRDA:188,3,1,1
BRF:8
BRH:7
end_of_record
TN:
SF:src/routes/communes.routes.ts
FN:26,(anonymous_0)
FN:61,(anonymous_1)
FN:101,(anonymous_2)
FN:145,(anonymous_3)
FN:181,(anonymous_4)
FNF:5
FNH:5
FNDA:2,(anonymous_0)
FNDA:3,(anonymous_1)
FNDA:2,(anonymous_2)
FNDA:3,(anonymous_3)
FNDA:3,(anonymous_4)
DA:1,1
DA:2,1
DA:3,1
DA:5,1
DA:6,1
DA:26,1
DA:27,2
DA:28,2
DA:29,1
DA:31,1
DA:61,1
DA:62,3
DA:63,3
DA:66,2
DA:67,1
DA:68,1
DA:70,1
DA:72,1
DA:101,1
DA:102,2
DA:103,2
DA:104,1
DA:105,1
DA:107,1
DA:145,1
DA:146,3
DA:147,3
DA:148,3
DA:149,1
DA:150,1
DA:152,2
DA:153,1
DA:154,1
DA:156,1
DA:181,1
DA:182,3
DA:183,3
DA:184,2
DA:185,1
DA:186,1
DA:188,1
DA:190,1
DA:194,1
LF:43
LH:43
BRDA:66,0,0,1
BRDA:66,0,1,1
BRDA:148,1,0,1
BRDA:148,1,1,2
BRDA:184,2,0,1
BRDA:184,2,1,1
BRF:6
BRH:6
end_of_record
TN:
SF:src/routes/events.routes.ts
FN:31,(anonymous_0)
FN:75,(anonymous_1)
FN:114,(anonymous_2)
FN:156,(anonymous_3)
FN:190,(anonymous_4)
FNF:5
FNH:5
FNDA:3,(anonymous_0)
FNDA:3,(anonymous_1)
FNDA:2,(anonymous_2)
FNDA:3,(anonymous_3)
FNDA:3,(anonymous_4)
DA:1,1
DA:2,1
DA:3,1
DA:5,1
DA:6,1
DA:31,1
DA:32,3
DA:33,3
DA:36,3
DA:40,3
DA:45,2
DA:47,1
DA:75,1
DA:76,3
DA:77,3
DA:81,2
DA:82,1
DA:83,1
DA:85,1
DA:87,1
DA:114,1
DA:115,2
DA:116,2
DA:117,1
DA:118,1
DA:120,1
DA:156,1
DA:157,3
DA:158,3
DA:159,3
DA:160,1
DA:161,1
DA:163,2
DA:164,1
DA:165,1
DA:167,1
DA:190,1
DA:191,3
DA:192,3
DA:193,2
DA:194,1
DA:195,1
DA:197,1
DA:199,1
DA:203,1
LF:45
LH:45
BRDA:36,0,0,1
BRDA:36,0,1,2
BRDA:81,1,0,1
BRDA:81,1,1,1
BRDA:159,2,0,1
BRDA:159,2,1,2
BRDA:193,3,0,1
BRDA:193,3,1,1
BRF:8
BRH:8
end_of_record
TN:
SF:src/routes/registrations.routes.ts
FN:21,(anonymous_0)
FN:41,(anonymous_1)
FN:76,(anonymous_2)
FN:99,(anonymous_3)
FN:148,(anonymous_4)
FN:207,(anonymous_5)
FNF:6
FNH:6
FNDA:2,(anonymous_0)
FNDA:3,(anonymous_1)
FNDA:3,(anonymous_2)
FNDA:4,(anonymous_3)
FNDA:5,(anonymous_4)
FNDA:4,(anonymous_5)
DA:1,1
DA:2,1
DA:3,1
DA:4,1
DA:5,1
DA:6,1
DA:8,1
DA:9,1
DA:21,1
DA:22,2
DA:23,2
DA:26,1
DA:28,1
DA:41,1
DA:42,3
DA:43,3
DA:45,3
DA:46,1
DA:47,1
DA:50,2
DA:58,1
DA:60,1
DA:62,1
DA:76,1
DA:77,3
DA:78,3
DA:82,2
DA:83,1
DA:84,1
DA:86,1
DA:88,1
DA:99,1
DA:100,4
DA:101,4
DA:103,4
DA:104,1
DA:105,1
DA:108,3
DA:109,3
DA:110,1
DA:111,1
DA:114,2
DA:118,2
DA:122,2
DA:123,0
DA:124,0
DA:127,2
DA:134,1
DA:135,1
DA:137,1
DA:148,1
DA:149,5
DA:150,5
DA:155,5
DA:156,2
DA:157,2
DA:160,3
DA:162,3
DA:163,0
DA:164,0
DA:165,0
DA:166,0
DA:168,0
DA:171,3
DA:172,1
DA:173,1
DA:174,1
DA:175,1
DA:177,0
DA:178,0
DA:179,2
DA:180,0
DA:181,0
DA:182,0
DA:183,0
DA:185,0
DA:186,0
DA:189,2
DA:190,2
DA:193,2
DA:194,1
DA:196,1
DA:207,1
DA:208,4
DA:209,4
DA:211,4
DA:212,1
DA:213,1
DA:216,3
DA:225,3
DA:226,1
DA:227,1
DA:230,2
DA:231,1
DA:233,1
DA:237,1
LF:96
LH:81
BRDA:45,0,0,1
BRDA:45,0,1,2
BRDA:45,1,0,3
BRDA:45,1,1,3
BRDA:45,1,2,1
BRDA:53,2,0,2
BRDA:53,2,1,0
BRDA:54,3,0,0
BRDA:54,3,1,2
BRDA:64,4,0,1
BRDA:64,4,1,0
BRDA:64,4,2,0
BRDA:82,5,0,1
BRDA:82,5,1,1
BRDA:103,6,0,1
BRDA:103,6,1,3
BRDA:103,7,0,4
BRDA:103,7,1,4
BRDA:103,7,2,1
BRDA:103,7,3,3
BRDA:109,8,0,1
BRDA:109,8,1,2
BRDA:114,9,0,2
BRDA:114,9,1,0
BRDA:118,10,0,0
BRDA:118,10,1,2
BRDA:122,11,0,0
BRDA:122,11,1,2
BRDA:122,12,0,2
BRDA:122,12,1,0
BRDA:155,13,0,2
BRDA:155,13,1,3
BRDA:162,14,0,0
BRDA:162,14,1,3
BRDA:164,15,0,0
BRDA:164,15,1,0
BRDA:171,16,0,1
BRDA:171,16,1,2
BRDA:173,17,0,1
BRDA:173,17,1,0
BRDA:179,18,0,0
BRDA:179,18,1,2
BRDA:181,19,0,0
BRDA:181,19,1,0
BRDA:189,20,0,2
BRDA:189,20,1,0
BRDA:211,21,0,1
BRDA:211,21,1,3
BRDA:211,22,0,4
BRDA:211,22,1,4
BRDA:211,22,2,1
BRDA:219,23,0,3
BRDA:219,23,1,0
BRDA:220,24,0,0
BRDA:220,24,1,3
BRDA:225,25,0,1
BRDA:225,25,1,2
BRF:57
BRH:39
end_of_record
TN:
SF:src/routes/users.routes.ts
FN:31,(anonymous_0)
FN:63,(anonymous_1)
FN:102,(anonymous_2)
FN:144,(anonymous_3)
FN:178,(anonymous_4)
FNF:5
FNH:5
FNDA:2,(anonymous_0)
FNDA:3,(anonymous_1)
FNDA:2,(anonymous_2)
FNDA:3,(anonymous_3)
FNDA:3,(anonymous_4)
DA:1,1
DA:2,1
DA:3,1
DA:5,1
DA:6,1
DA:31,1
DA:32,2
DA:33,2
DA:34,1
DA:36,1
DA:63,1
DA:64,3
DA:65,3
DA:69,2
DA:70,1
DA:71,1
DA:73,1
DA:75,1
DA:102,1
DA:103,2
DA:104,2
DA:105,1
DA:106,1
DA:108,1
DA:144,1
DA:145,3
DA:146,3
DA:147,3
DA:148,1
DA:149,1
DA:151,2
DA:152,1
DA:153,1
DA:155,1
DA:178,1
DA:179,3
DA:180,3
DA:181,2
DA:182,1
DA:183,1
DA:185,1
DA:187,1
DA:191,1
LF:43
LH:43
BRDA:69,0,0,1
BRDA:69,0,1,1
BRDA:147,1,0,1
BRDA:147,1,1,2
BRDA:181,2,0,1
BRDA:181,2,1,1
BRF:6
BRH:6
end_of_record
TN:
SF:src/routes/workshops.routes.ts
FN:31,(anonymous_0)
FN:70,(anonymous_1)
FN:109,(anonymous_2)
FN:151,(anonymous_3)
FN:185,(anonymous_4)
FNF:5
FNH:5
FNDA:2,(anonymous_0)
FNDA:3,(anonymous_1)
FNDA:2,(anonymous_2)
FNDA:3,(anonymous_3)
FNDA:3,(anonymous_4)
DA:1,1
DA:2,1
DA:3,1
DA:5,1
DA:6,1
DA:31,1
DA:32,2
DA:34,2
DA:36,2
DA:40,2
DA:41,1
DA:43,1
DA:70,1
DA:71,3
DA:72,3
DA:76,2
DA:77,1
DA:78,1
DA:80,1
DA:82,1
DA:109,1
DA:110,2
DA:111,2
DA:112,1
DA:113,1
DA:115,1
DA:151,1
DA:152,3
DA:153,3
DA:154,3
DA:155,1
DA:156,1
DA:158,2
DA:159,1
DA:160,1
DA:162,1
DA:185,1
DA:186,3
DA:187,3
DA:188,2
DA:189,1
DA:190,1
DA:192,1
DA:194,1
DA:198,1
LF:45
LH:45
BRDA:36,0,0,0
BRDA:36,0,1,2
BRDA:76,1,0,1
BRDA:76,1,1,1
BRDA:154,2,0,1
BRDA:154,2,1,2
BRDA:188,3,0,1
BRDA:188,3,1,1
BRF:8
BRH:7
end_of_record
